<?xml version="1.0" encoding="UTF-8"?>
<!-- Generated by org.testng.reporters.JUnitXMLReporter -->
<testsuite ignored="6" hostname="GarvitDevice" failures="0" tests="1" name="Default test" time="0.914" errors="0" timestamp="2023-02-23T23:20:31 IST">
  <testcase classname="com.dotKonnekt.base.BaseClass" name="@BeforeSuite loadConfig" time="0.009">
    <failure type="java.lang.Error" message="Unresolved compilation problems: 
	FileInputStream cannot be resolved to a type
	FileInputStream cannot be resolved to a type
">
      <![CDATA[java.lang.Error: Unresolved compilation problems: 
FileInputStream cannot be resolved to a type
FileInputStream cannot be resolved to a type

at com.dotKonnekt.base.BaseClass.loadConfig(BaseClass.java:53)
at java.base/jdk.internal.reflect.NativeMethodAccessorImpl.invoke0(Native Method)
at java.base/jdk.internal.reflect.NativeMethodAccessorImpl.invoke(NativeMethodAccessorImpl.java:77)
at java.base/jdk.internal.reflect.DelegatingMethodAccessorImpl.invoke(DelegatingMethodAccessorImpl.java:43)
at java.base/java.lang.reflect.Method.invoke(Method.java:568)
at org.testng.internal.invokers.MethodInvocationHelper.invokeMethod(MethodInvocationHelper.java:139)
at org.testng.internal.invokers.MethodInvocationHelper.invokeMethodConsideringTimeout(MethodInvocationHelper.java:69)
at org.testng.internal.invokers.ConfigInvoker.invokeConfigurationMethod(ConfigInvoker.java:361)
at org.testng.internal.invokers.ConfigInvoker.invokeConfigurations(ConfigInvoker.java:296)
at org.testng.SuiteRunner.privateRun(SuiteRunner.java:372)
at org.testng.SuiteRunner.run(SuiteRunner.java:330)
at org.testng.SuiteRunnerWorker.runSuite(SuiteRunnerWorker.java:52)
at org.testng.SuiteRunnerWorker.run(SuiteRunnerWorker.java:95)
at org.testng.TestNG.runSuitesSequentially(TestNG.java:1256)
at org.testng.TestNG.runSuitesLocally(TestNG.java:1176)
at org.testng.TestNG.runSuites(TestNG.java:1099)
at org.testng.TestNG.run(TestNG.java:1067)
at org.testng.remote.AbstractRemoteTestNG.run(AbstractRemoteTestNG.java:115)
at org.testng.remote.RemoteTestNG.initAndRun(RemoteTestNG.java:251)
at org.testng.remote.RemoteTestNG.main(RemoteTestNG.java:77)
]]>
    </failure>
  </testcase> <!-- @BeforeSuite loadConfig -->
  <testcase classname="com.dotKonnekt.tests.MyAccountPageTest" name="@AfterMethod tearDown" time="0.0">
    <skipped/>
  </testcase> <!-- @AfterMethod tearDown -->
  <testcase classname="com.dotKonnekt.tests.MyAccountPageTest" name="profileIcon_NotLoggedIn" time="0.001">
    <skipped/>
  </testcase> <!-- profileIcon_NotLoggedIn -->
  <testcase classname="com.dotKonnekt.tests.MyAccountPageTest" name="MyAccount_WishlistFunctionality" time="0.0">
    <ignored/>
  </testcase> <!-- MyAccount_WishlistFunctionality -->
  <testcase classname="com.dotKonnekt.tests.MyAccountPageTest" name="profileIcon_LoggedIn" time="0.0">
    <ignored/>
  </testcase> <!-- profileIcon_LoggedIn -->
  <testcase classname="com.dotKonnekt.tests.MyAccountPageTest" name="MyAccountPage_ElementsVerification" time="0.0">
    <ignored/>
  </testcase> <!-- MyAccountPage_ElementsVerification -->
  <testcase classname="com.dotKonnekt.tests.MyAccountPageTest" name="MyAccount_OrdersElements" time="0.0">
    <ignored/>
  </testcase> <!-- MyAccount_OrdersElements -->
  <testcase classname="com.dotKonnekt.tests.MyAccountPageTest" name="MyAccount_SignOutVerification" time="0.0">
    <ignored/>
  </testcase> <!-- MyAccount_SignOutVerification -->
  <testcase classname="com.dotKonnekt.tests.MyAccountPageTest" name="MyAccount_BookMarkFunctionality" time="0.0">
    <ignored/>
  </testcase> <!-- MyAccount_BookMarkFunctionality -->
</testsuite> <!-- Default test -->
