<?xml version="1.0" encoding="UTF-8"?>
<!-- Generated by org.testng.reporters.JUnitXMLReporter -->
<testsuite ignored="17" hostname="GarvitDevice" failures="0" tests="3" name="Test" time="98.589" errors="0" timestamp="2023-02-06T10:19:39 IST">
  <testcase classname="com.dotKonnekt.tests.RecipePageTest" name="RecipePage_AddCommentinCommentSeection" time="39.338"/>
  <testcase classname="com.dotKonnekt.tests.RecipePageTest" name="RecipePage_bookMarkIconFunctionality" time="25.408"/>
  <testcase classname="com.dotKonnekt.tests.RecipePageTest" name="RecipePage_likeIconFunctionality" time="29.94"/>
  <testcase classname="com.dotKonnekt.tests.RecipePageTest" name="RecipePage_blogTitleVerification" time="0.0">
    <ignored/>
  </testcase> <!-- RecipePage_blogTitleVerification -->
  <testcase classname="com.dotKonnekt.tests.RecipePageTest" name="RecipePage_SearchFucntionalityVerification" time="0.0">
    <ignored/>
  </testcase> <!-- RecipePage_SearchFucntionalityVerification -->
  <testcase classname="com.dotKonnekt.tests.RecipePageTest" name="RecipePage_LogoFunctionalityVerification" time="0.0">
    <ignored/>
  </testcase> <!-- RecipePage_LogoFunctionalityVerification -->
  <testcase classname="com.dotKonnekt.tests.RecipePageTest" name="RecipePage_categoryElements" time="0.0">
    <ignored/>
  </testcase> <!-- RecipePage_categoryElements -->
  <testcase classname="com.dotKonnekt.tests.RecipePageTest" name="RecipePage_likeIconFunctionality1" time="0.0">
    <ignored/>
  </testcase> <!-- RecipePage_likeIconFunctionality1 -->
  <testcase classname="com.dotKonnekt.tests.RecipePageTest" name="RecipePage_authornameVerification" time="0.0">
    <ignored/>
  </testcase> <!-- RecipePage_authornameVerification -->
  <testcase classname="com.dotKonnekt.tests.RecipePageTest" name="RecipePage_BreadCrumbVerification" time="0.0">
    <ignored/>
  </testcase> <!-- RecipePage_BreadCrumbVerification -->
  <testcase classname="com.dotKonnekt.tests.RecipePageTest" name="RecipePage_NutritionlistVerification" time="0.0">
    <ignored/>
  </testcase> <!-- RecipePage_NutritionlistVerification -->
  <testcase classname="com.dotKonnekt.tests.RecipePageTest" name="RecipePage_TitleVerification" time="0.0">
    <ignored/>
  </testcase> <!-- RecipePage_TitleVerification -->
  <testcase classname="com.dotKonnekt.tests.RecipePageTest" name="RecipePage_tagsVerification" time="0.0">
    <ignored/>
  </testcase> <!-- RecipePage_tagsVerification -->
  <testcase classname="com.dotKonnekt.tests.RecipePageTest" name="RecipePage_RecipeVideoverification" time="0.0">
    <ignored/>
  </testcase> <!-- RecipePage_RecipeVideoverification -->
  <testcase classname="com.dotKonnekt.tests.RecipePageTest" name="RecipePage_recipeImage" time="0.0">
    <ignored/>
  </testcase> <!-- RecipePage_recipeImage -->
  <testcase classname="com.dotKonnekt.tests.RecipePageTest" name="RecipePage_commentsSection" time="0.0">
    <ignored/>
  </testcase> <!-- RecipePage_commentsSection -->
  <testcase classname="com.dotKonnekt.tests.RecipePageTest" name="RecipePage_shopTheIngredientsVeriffication" time="0.0">
    <ignored/>
  </testcase> <!-- RecipePage_shopTheIngredientsVeriffication -->
  <testcase classname="com.dotKonnekt.tests.RecipePageTest" name="RecipePage_UserFunctionalityVerification" time="0.0">
    <ignored/>
  </testcase> <!-- RecipePage_UserFunctionalityVerification -->
  <testcase classname="com.dotKonnekt.tests.RecipePageTest" name="RecipePage_CartFucntionalityVerification" time="0.0">
    <ignored/>
  </testcase> <!-- RecipePage_CartFucntionalityVerification -->
  <testcase classname="com.dotKonnekt.tests.RecipePageTest" name="RecipePage_addCommentVerification" time="0.0">
    <ignored/>
  </testcase> <!-- RecipePage_addCommentVerification -->
</testsuite> <!-- Test -->
